This file contains any messages produced by compilers while
running configure, to aid debugging if configure makes a mistake.

It was created by openbox configure 3.6, which was
generated by GNU Autoconf 2.71.  Invocation command line was

  $ ./configure --prefix=/usr --sysconfdir=/etc --libdir=/usr/lib64 --no-create --no-recursion

## --------- ##
## Platform. ##
## --------- ##

hostname = archlinux
uname -m = x86_64
uname -r = 5.10.25-1-lts
uname -s = Linux
uname -v = #1 SMP Sat, 20 Mar 2021 19:37:44 +0000

/usr/bin/uname -p = unknown
/bin/uname -X     = unknown

/bin/arch              = unknown
/usr/bin/arch -k       = unknown
/usr/convex/getsysinfo = unknown
/usr/bin/hostinfo      = unknown
/bin/machine           = unknown
/usr/bin/oslevel       = unknown
/bin/universe          = unknown

PATH: /usr/local/bin/
PATH: /usr/bin/
PATH: /bin/
PATH: /usr/local/sbin/
PATH: /var/lib/flatpak/exports/bin/
PATH: /usr/bin/site_perl/
PATH: /usr/bin/vendor_perl/
PATH: /usr/bin/core_perl/


## ----------- ##
## Core tests. ##
## ----------- ##

configure:2579: looking for aux files: config.rpath config.guess config.sub ltmain.sh compile missing install-sh
configure:2592:  trying ./
configure:2621:   ./config.rpath found
configure:2621:   ./config.guess found
configure:2621:   ./config.sub found
configure:2621:   ./ltmain.sh found
configure:2621:   ./compile found
configure:2621:   ./missing found
configure:2603:   ./install-sh found
configure:2752: checking for a BSD-compatible install
configure:2825: result: /usr/bin/install -c
configure:2836: checking whether build environment is sane
configure:2891: result: yes
configure:3050: checking for a race-free mkdir -p
configure:3094: result: /usr/bin/mkdir -p
configure:3101: checking for gawk
configure:3122: found /usr/bin/gawk
configure:3133: result: gawk
configure:3144: checking whether make sets $(MAKE)
configure:3167: result: yes
configure:3197: checking whether make supports nested variables
configure:3215: result: yes
configure:3349: checking whether make supports nested variables
configure:3367: result: yes
configure:3436: checking build type
configure:3507: result: RELEASE
configure:3528: checking whether make supports the include directive
configure:3543: make -f confmf.GNU && cat confinc.out
make[1]: Entering directory '/home/beangreen247/openbox-with-windows-snapping'
make[1]: Leaving directory '/home/beangreen247/openbox-with-windows-snapping'
this is the am__doit target
configure:3546: $? = 0
configure:3565: result: yes (GNU style)
configure:3641: checking for gcc
configure:3662: found /usr/bin/gcc
configure:3673: result: gcc
configure:4026: checking for C compiler version
configure:4035: gcc --version >&5
gcc (GCC) 10.2.0
Copyright (C) 2020 Free Software Foundation, Inc.
This is free software; see the source for copying conditions.  There is NO
warranty; not even for MERCHANTABILITY or FITNESS FOR A PARTICULAR PURPOSE.

configure:4046: $? = 0
configure:4035: gcc -v >&5
Using built-in specs.
COLLECT_GCC=gcc
COLLECT_LTO_WRAPPER=/usr/lib/gcc/x86_64-pc-linux-gnu/10.2.0/lto-wrapper
Target: x86_64-pc-linux-gnu
Configured with: /build/gcc/src/gcc/configure --prefix=/usr --libdir=/usr/lib --libexecdir=/usr/lib --mandir=/usr/share/man --infodir=/usr/share/info --with-bugurl=https://bugs.archlinux.org/ --enable-languages=c,c++,ada,fortran,go,lto,objc,obj-c++,d --with-isl --with-linker-hash-style=gnu --with-system-zlib --enable-__cxa_atexit --enable-cet=auto --enable-checking=release --enable-clocale=gnu --enable-default-pie --enable-default-ssp --enable-gnu-indirect-function --enable-gnu-unique-object --enable-install-libiberty --enable-linker-build-id --enable-lto --enable-multilib --enable-plugin --enable-shared --enable-threads=posix --disable-libssp --disable-libstdcxx-pch --disable-libunwind-exceptions --disable-werror gdc_include_dir=/usr/include/dlang/gdc
Thread model: posix
Supported LTO compression algorithms: zlib zstd
gcc version 10.2.0 (GCC) 
configure:4046: $? = 0
configure:4035: gcc -V >&5
gcc: error: unrecognized command-line option '-V'
gcc: fatal error: no input files
compilation terminated.
configure:4046: $? = 1
configure:4035: gcc -qversion >&5
gcc: error: unrecognized command-line option '-qversion'; did you mean '--version'?
gcc: fatal error: no input files
compilation terminated.
configure:4046: $? = 1
configure:4035: gcc -version >&5
gcc: error: unrecognized command-line option '-version'
gcc: fatal error: no input files
compilation terminated.
configure:4046: $? = 1
configure:4066: checking whether the C compiler works
configure:4088: gcc    conftest.c  >&5
configure:4092: $? = 0
configure:4142: result: yes
configure:4145: checking for C compiler default output file name
configure:4147: result: a.out
configure:4153: checking for suffix of executables
configure:4160: gcc -o conftest    conftest.c  >&5
configure:4164: $? = 0
configure:4187: result: 
configure:4209: checking whether we are cross compiling
configure:4217: gcc -o conftest    conftest.c  >&5
configure:4221: $? = 0
configure:4228: ./conftest
configure:4232: $? = 0
configure:4247: result: no
configure:4252: checking for suffix of object files
configure:4275: gcc -c   conftest.c >&5
configure:4279: $? = 0
configure:4301: result: o
configure:4305: checking whether the compiler supports GNU C
configure:4325: gcc -c   conftest.c >&5
configure:4325: $? = 0
configure:4335: result: yes
configure:4346: checking whether gcc accepts -g
configure:4367: gcc -c -g  conftest.c >&5
configure:4367: $? = 0
configure:4411: result: yes
configure:4431: checking for gcc option to enable C11 features
configure:4446: gcc  -c -g -O2  conftest.c >&5
configure:4446: $? = 0
configure:4464: result: none needed
configure:4580: checking whether gcc understands -c and -o together
configure:4603: gcc -c conftest.c -o conftest2.o
configure:4606: $? = 0
configure:4603: gcc -c conftest.c -o conftest2.o
configure:4606: $? = 0
configure:4618: result: yes
configure:4637: checking dependency style of gcc
configure:4749: result: gcc3
configure:4770: checking how to run the C preprocessor
configure:4796: gcc -E  conftest.c
configure:4796: $? = 0
configure:4811: gcc -E  conftest.c
conftest.c:11:10: fatal error: ac_nonexistent.h: No such file or directory
   11 | #include <ac_nonexistent.h>
      |          ^~~~~~~~~~~~~~~~~~
compilation terminated.
configure:4811: $? = 1
configure: failed program was:
| /* confdefs.h */
| #define PACKAGE_NAME "openbox"
| #define PACKAGE_TARNAME "openbox"
| #define PACKAGE_VERSION "3.6"
| #define PACKAGE_STRING "openbox 3.6"
| #define PACKAGE_BUGREPORT "http://bugzilla.icculus.org"
| #define PACKAGE_URL ""
| #define PACKAGE "openbox"
| #define VERSION "3.6"
| /* end confdefs.h.  */
| #include <ac_nonexistent.h>
configure:4838: result: gcc -E
configure:4852: gcc -E  conftest.c
configure:4852: $? = 0
configure:4867: gcc -E  conftest.c
conftest.c:11:10: fatal error: ac_nonexistent.h: No such file or directory
   11 | #include <ac_nonexistent.h>
      |          ^~~~~~~~~~~~~~~~~~
compilation terminated.
configure:4867: $? = 1
configure: failed program was:
| /* confdefs.h */
| #define PACKAGE_NAME "openbox"
| #define PACKAGE_TARNAME "openbox"
| #define PACKAGE_VERSION "3.6"
| #define PACKAGE_STRING "openbox 3.6"
| #define PACKAGE_BUGREPORT "http://bugzilla.icculus.org"
| #define PACKAGE_URL ""
| #define PACKAGE "openbox"
| #define VERSION "3.6"
| /* end confdefs.h.  */
| #include <ac_nonexistent.h>
configure:4911: checking for GNU CC
configure:4914: result: yes
configure:4939: checking for compiler specific flags
configure:4941: result: -DNDEBUG -DG_DISABLE_ASSERT -fno-strict-aliasing
configure:4947: checking for an ANSI C-conforming const
configure:5014: gcc -c -g -O2 -DNDEBUG -DG_DISABLE_ASSERT -fno-strict-aliasing  conftest.c >&5
configure:5014: $? = 0
configure:5022: result: yes
configure:5030: checking for inline
configure:5047: gcc -c -g -O2 -DNDEBUG -DG_DISABLE_ASSERT -fno-strict-aliasing  conftest.c >&5
configure:5047: $? = 0
configure:5056: result: inline
configure:5107: checking build system type
configure:5122: result: x86_64-pc-linux-gnu
configure:5142: checking host system type
configure:5156: result: x86_64-pc-linux-gnu
configure:5197: checking how to print strings
configure:5224: result: printf
configure:5245: checking for a sed that does not truncate output
configure:5315: result: /usr/bin/sed
configure:5333: checking for grep that handles long lines and -e
configure:5397: result: /usr/bin/grep
configure:5402: checking for egrep
configure:5470: result: /usr/bin/grep -E
configure:5475: checking for fgrep
configure:5543: result: /usr/bin/grep -F
configure:5579: checking for ld used by gcc
configure:5647: result: /usr/bin/ld
configure:5654: checking if the linker (/usr/bin/ld) is GNU ld
configure:5670: result: yes
configure:5682: checking for BSD- or MS-compatible name lister (nm)
configure:5737: result: /usr/bin/nm -B
configure:5877: checking the name lister (/usr/bin/nm -B) interface
configure:5885: gcc -c -g -O2 -DNDEBUG -DG_DISABLE_ASSERT -fno-strict-aliasing  conftest.c >&5
configure:5888: /usr/bin/nm -B "conftest.o"
configure:5891: output
0000000000000000 B some_variable
configure:5898: result: BSD nm
configure:5901: checking whether ln -s works
configure:5905: result: yes
configure:5913: checking the maximum length of command line arguments
configure:6045: result: 1572864
configure:6093: checking how to convert x86_64-pc-linux-gnu file names to x86_64-pc-linux-gnu format
configure:6134: result: func_convert_file_noop
configure:6141: checking how to convert x86_64-pc-linux-gnu file names to toolchain format
configure:6162: result: func_convert_file_noop
configure:6169: checking for /usr/bin/ld option to reload object files
configure:6177: result: -r
configure:6256: checking for objdump
configure:6277: found /usr/bin/objdump
configure:6288: result: objdump
configure:6320: checking how to recognize dependent libraries
configure:6521: result: pass_all
configure:6611: checking for dlltool
configure:6646: result: no
configure:6676: checking how to associate runtime and link libraries
configure:6704: result: printf %s\n
configure:6769: checking for ar
configure:6790: found /usr/bin/ar
configure:6801: result: ar
configure:6854: checking for archiver @FILE support
configure:6872: gcc -c -g -O2 -DNDEBUG -DG_DISABLE_ASSERT -fno-strict-aliasing  conftest.c >&5
configure:6872: $? = 0
configure:6876: ar cr libconftest.a @conftest.lst >&5
configure:6879: $? = 0
configure:6884: ar cr libconftest.a @conftest.lst >&5
ar: conftest.o: No such file or directory
configure:6887: $? = 1
configure:6899: result: @
configure:6962: checking for strip
configure:6983: found /usr/bin/strip
configure:6994: result: strip
configure:7071: checking for ranlib
configure:7092: found /usr/bin/ranlib
configure:7103: result: ranlib
configure:7205: checking command to parse /usr/bin/nm -B output from gcc object
configure:7359: gcc -c -g -O2 -DNDEBUG -DG_DISABLE_ASSERT -fno-strict-aliasing  conftest.c >&5
configure:7362: $? = 0
configure:7366: /usr/bin/nm -B conftest.o \| sed -n -e 's/^.*[ ]\([ABCDGIRSTW][ABCDGIRSTW]*\)[ ][ ]*\([_A-Za-z][_A-Za-z0-9]*\)$/\1 \2 \2/p' | sed '/ __gnu_lto/d' \> conftest.nm
configure:7369: $? = 0
configure:7435: gcc -o conftest -g -O2 -DNDEBUG -DG_DISABLE_ASSERT -fno-strict-aliasing   conftest.c conftstm.o >&5
configure:7438: $? = 0
configure:7476: result: ok
configure:7523: checking for sysroot
configure:7554: result: no
configure:7561: checking for a working dd
configure:7605: result: /usr/bin/dd
configure:7609: checking how to truncate binary pipes
configure:7625: result: /usr/bin/dd bs=4096 count=1
configure:7762: gcc -c -g -O2 -DNDEBUG -DG_DISABLE_ASSERT -fno-strict-aliasing  conftest.c >&5
configure:7765: $? = 0
configure:7962: checking for mt
configure:7997: result: no
configure:8017: checking if : is a manifest tool
configure:8024: : '-?'
configure:8032: result: no
configure:8762: checking for stdio.h
configure:8762: gcc -c -g -O2 -DNDEBUG -DG_DISABLE_ASSERT -fno-strict-aliasing  conftest.c >&5
configure:8762: $? = 0
configure:8762: result: yes
configure:8762: checking for stdlib.h
configure:8762: gcc -c -g -O2 -DNDEBUG -DG_DISABLE_ASSERT -fno-strict-aliasing  conftest.c >&5
configure:8762: $? = 0
configure:8762: result: yes
configure:8762: checking for string.h
configure:8762: gcc -c -g -O2 -DNDEBUG -DG_DISABLE_ASSERT -fno-strict-aliasing  conftest.c >&5
configure:8762: $? = 0
configure:8762: result: yes
configure:8762: checking for inttypes.h
configure:8762: gcc -c -g -O2 -DNDEBUG -DG_DISABLE_ASSERT -fno-strict-aliasing  conftest.c >&5
configure:8762: $? = 0
configure:8762: result: yes
configure:8762: checking for stdint.h
configure:8762: gcc -c -g -O2 -DNDEBUG -DG_DISABLE_ASSERT -fno-strict-aliasing  conftest.c >&5
configure:8762: $? = 0
configure:8762: result: yes
configure:8762: checking for strings.h
configure:8762: gcc -c -g -O2 -DNDEBUG -DG_DISABLE_ASSERT -fno-strict-aliasing  conftest.c >&5
configure:8762: $? = 0
configure:8762: result: yes
configure:8762: checking for sys/stat.h
configure:8762: gcc -c -g -O2 -DNDEBUG -DG_DISABLE_ASSERT -fno-strict-aliasing  conftest.c >&5
configure:8762: $? = 0
configure:8762: result: yes
configure:8762: checking for sys/types.h
configure:8762: gcc -c -g -O2 -DNDEBUG -DG_DISABLE_ASSERT -fno-strict-aliasing  conftest.c >&5
configure:8762: $? = 0
configure:8762: result: yes
configure:8762: checking for unistd.h
configure:8762: gcc -c -g -O2 -DNDEBUG -DG_DISABLE_ASSERT -fno-strict-aliasing  conftest.c >&5
configure:8762: $? = 0
configure:8762: result: yes
configure:8787: checking for dlfcn.h
configure:8787: gcc -c -g -O2 -DNDEBUG -DG_DISABLE_ASSERT -fno-strict-aliasing  conftest.c >&5
configure:8787: $? = 0
configure:8787: result: yes
configure:9046: checking for objdir
configure:9062: result: .libs
configure:9326: checking if gcc supports -fno-rtti -fno-exceptions
configure:9345: gcc -c -g -O2 -DNDEBUG -DG_DISABLE_ASSERT -fno-strict-aliasing  -fno-rtti -fno-exceptions conftest.c >&5
cc1: warning: command-line option '-fno-rtti' is valid for C++/D/ObjC++ but not for C
configure:9349: $? = 0
configure:9362: result: no
configure:9720: checking for gcc option to produce PIC
configure:9728: result: -fPIC -DPIC
configure:9736: checking if gcc PIC flag -fPIC -DPIC works
configure:9755: gcc -c -g -O2 -DNDEBUG -DG_DISABLE_ASSERT -fno-strict-aliasing  -fPIC -DPIC -DPIC conftest.c >&5
configure:9759: $? = 0
configure:9772: result: yes
configure:9801: checking if gcc static flag -static works
configure:9830: result: yes
configure:9845: checking if gcc supports -c -o file.o
configure:9867: gcc -c -g -O2 -DNDEBUG -DG_DISABLE_ASSERT -fno-strict-aliasing  -o out/conftest2.o conftest.c >&5
configure:9871: $? = 0
configure:9893: result: yes
configure:9901: checking if gcc supports -c -o file.o
configure:9949: result: yes
configure:9982: checking whether the gcc linker (/usr/bin/ld -m elf_x86_64) supports shared libraries
configure:11250: result: yes
configure:11287: checking whether -lc should be explicitly linked in
configure:11296: gcc -c -g -O2 -DNDEBUG -DG_DISABLE_ASSERT -fno-strict-aliasing  conftest.c >&5
configure:11299: $? = 0
configure:11314: gcc -shared  -fPIC -DPIC conftest.o  -v -Wl,-soname -Wl,conftest -o conftest 2\>\&1 \| /usr/bin/grep  -lc  \>/dev/null 2\>\&1
configure:11317: $? = 0
configure:11331: result: no
configure:11491: checking dynamic linker characteristics
configure:12073: gcc -o conftest -g -O2 -DNDEBUG -DG_DISABLE_ASSERT -fno-strict-aliasing   -Wl,-rpath -Wl,/foo conftest.c   >&5
configure:12073: $? = 0
configure:12312: result: GNU/Linux ld.so
configure:12434: checking how to hardcode library paths into programs
configure:12459: result: immediate
configure:13011: checking whether stripping libraries is possible
configure:13020: result: yes
configure:13062: checking if libtool supports shared libraries
configure:13064: result: yes
configure:13067: checking whether to build shared libraries
configure:13092: result: yes
configure:13095: checking whether to build static libraries
configure:13099: result: yes
configure:13150: checking whether NLS is requested
configure:13160: result: yes
configure:13198: checking for msgfmt
configure: trying /usr/bin/msgfmt...
0 translated messages.
configure:13231: result: /usr/bin/msgfmt
configure:13240: checking for gmsgfmt
configure:13276: result: /usr/bin/msgfmt
configure:13327: checking for xgettext
configure: trying /usr/bin/xgettext...
/usr/bin/xgettext: warning: file '/dev/null' extension '' is unknown; will try C
configure:13360: result: /usr/bin/xgettext
configure:13406: checking for msgmerge
configure: trying /usr/bin/msgmerge...
configure:13438: result: /usr/bin/msgmerge
configure:13493: checking for ld used by GCC
configure:13558: result: /usr/bin/ld -m elf_x86_64
configure:13565: checking if the linker (/usr/bin/ld -m elf_x86_64) is GNU ld
configure:13579: result: yes
configure:13587: checking for shared library run path origin
configure:13601: result: done
configure:14039: checking for CFPreferencesCopyAppValue
configure:14058: gcc -o conftest -g -O2 -DNDEBUG -DG_DISABLE_ASSERT -fno-strict-aliasing   conftest.c   -Wl,-framework -Wl,CoreFoundation >&5
conftest.c:23:10: fatal error: CoreFoundation/CFPreferences.h: No such file or directory
   23 | #include <CoreFoundation/CFPreferences.h>
      |          ^~~~~~~~~~~~~~~~~~~~~~~~~~~~~~~~
compilation terminated.
configure:14058: $? = 1
configure: failed program was:
| /* confdefs.h */
| #define PACKAGE_NAME "openbox"
| #define PACKAGE_TARNAME "openbox"
| #define PACKAGE_VERSION "3.6"
| #define PACKAGE_STRING "openbox 3.6"
| #define PACKAGE_BUGREPORT "http://bugzilla.icculus.org"
| #define PACKAGE_URL ""
| #define PACKAGE "openbox"
| #define VERSION "3.6"
| #define HAVE_STDIO_H 1
| #define HAVE_STDLIB_H 1
| #define HAVE_STRING_H 1
| #define HAVE_INTTYPES_H 1
| #define HAVE_STDINT_H 1
| #define HAVE_STRINGS_H 1
| #define HAVE_SYS_STAT_H 1
| #define HAVE_SYS_TYPES_H 1
| #define HAVE_UNISTD_H 1
| #define STDC_HEADERS 1
| #define HAVE_DLFCN_H 1
| #define LT_OBJDIR ".libs/"
| /* end confdefs.h.  */
| #include <CoreFoundation/CFPreferences.h>
| int
| main (void)
| {
| CFPreferencesCopyAppValue(NULL, NULL)
|   ;
|   return 0;
| }
configure:14068: result: no
configure:14075: checking for CFLocaleCopyCurrent
configure:14094: gcc -o conftest -g -O2 -DNDEBUG -DG_DISABLE_ASSERT -fno-strict-aliasing   conftest.c   -Wl,-framework -Wl,CoreFoundation >&5
conftest.c:23:10: fatal error: CoreFoundation/CFLocale.h: No such file or directory
   23 | #include <CoreFoundation/CFLocale.h>
      |          ^~~~~~~~~~~~~~~~~~~~~~~~~~~
compilation terminated.
configure:14094: $? = 1
configure: failed program was:
| /* confdefs.h */
| #define PACKAGE_NAME "openbox"
| #define PACKAGE_TARNAME "openbox"
| #define PACKAGE_VERSION "3.6"
| #define PACKAGE_STRING "openbox 3.6"
| #define PACKAGE_BUGREPORT "http://bugzilla.icculus.org"
| #define PACKAGE_URL ""
| #define PACKAGE "openbox"
| #define VERSION "3.6"
| #define HAVE_STDIO_H 1
| #define HAVE_STDLIB_H 1
| #define HAVE_STRING_H 1
| #define HAVE_INTTYPES_H 1
| #define HAVE_STDINT_H 1
| #define HAVE_STRINGS_H 1
| #define HAVE_SYS_STAT_H 1
| #define HAVE_SYS_TYPES_H 1
| #define HAVE_UNISTD_H 1
| #define STDC_HEADERS 1
| #define HAVE_DLFCN_H 1
| #define LT_OBJDIR ".libs/"
| /* end confdefs.h.  */
| #include <CoreFoundation/CFLocale.h>
| int
| main (void)
| {
| CFLocaleCopyCurrent();
|   ;
|   return 0;
| }
configure:14104: result: no
configure:14133: checking for GNU gettext in libc
configure:14153: gcc -o conftest -g -O2 -DNDEBUG -DG_DISABLE_ASSERT -fno-strict-aliasing   conftest.c   >&5
configure:14153: $? = 0
configure:14162: result: yes
configure:14758: checking whether to use NLS
configure:14760: result: yes
configure:14763: checking where the gettext function comes from
configure:14774: result: libc
configure:14832: checking for ctype.h
configure:14832: gcc -c -g -O2 -DNDEBUG -DG_DISABLE_ASSERT -fno-strict-aliasing  conftest.c >&5
configure:14832: $? = 0
configure:14832: result: yes
configure:14838: checking for dirent.h
configure:14838: gcc -c -g -O2 -DNDEBUG -DG_DISABLE_ASSERT -fno-strict-aliasing  conftest.c >&5
configure:14838: $? = 0
configure:14838: result: yes
configure:14844: checking for errno.h
configure:14844: gcc -c -g -O2 -DNDEBUG -DG_DISABLE_ASSERT -fno-strict-aliasing  conftest.c >&5
configure:14844: $? = 0
configure:14844: result: yes
configure:14850: checking for fcntl.h
configure:14850: gcc -c -g -O2 -DNDEBUG -DG_DISABLE_ASSERT -fno-strict-aliasing  conftest.c >&5
configure:14850: $? = 0
configure:14850: result: yes
configure:14856: checking for grp.h
configure:14856: gcc -c -g -O2 -DNDEBUG -DG_DISABLE_ASSERT -fno-strict-aliasing  conftest.c >&5
configure:14856: $? = 0
configure:14856: result: yes
configure:14862: checking for locale.h
configure:14862: gcc -c -g -O2 -DNDEBUG -DG_DISABLE_ASSERT -fno-strict-aliasing  conftest.c >&5
configure:14862: $? = 0
configure:14862: result: yes
configure:14868: checking for pwd.h
configure:14868: gcc -c -g -O2 -DNDEBUG -DG_DISABLE_ASSERT -fno-strict-aliasing  conftest.c >&5
configure:14868: $? = 0
configure:14868: result: yes
configure:14875: checking for signal.h
configure:14875: gcc -c -g -O2 -DNDEBUG -DG_DISABLE_ASSERT -fno-strict-aliasing  conftest.c >&5
configure:14875: $? = 0
configure:14875: result: yes
configure:14881: checking for string.h
configure:14881: result: yes
configure:14887: checking for stdio.h
configure:14887: result: yes
configure:14893: checking for stdlib.h
configure:14893: result: yes
configure:14899: checking for unistd.h
configure:14899: result: yes
configure:14905: checking for sys/stat.h
configure:14905: result: yes
configure:14912: checking for sys/select.h
configure:14912: gcc -c -g -O2 -DNDEBUG -DG_DISABLE_ASSERT -fno-strict-aliasing  conftest.c >&5
configure:14912: $? = 0
configure:14912: result: yes
configure:14918: checking for sys/socket.h
configure:14918: gcc -c -g -O2 -DNDEBUG -DG_DISABLE_ASSERT -fno-strict-aliasing  conftest.c >&5
configure:14918: $? = 0
configure:14918: result: yes
configure:14924: checking for sys/time.h
configure:14924: gcc -c -g -O2 -DNDEBUG -DG_DISABLE_ASSERT -fno-strict-aliasing  conftest.c >&5
configure:14924: $? = 0
configure:14924: result: yes
configure:14930: checking for sys/types.h
configure:14930: result: yes
configure:14936: checking for sys/wait.h
configure:14936: gcc -c -g -O2 -DNDEBUG -DG_DISABLE_ASSERT -fno-strict-aliasing  conftest.c >&5
configure:14936: $? = 0
configure:14936: result: yes
configure:14946: checking for sed
configure:14982: result: /usr/bin/sed
configure:14996: checking for dirname
configure:15019: found /usr/bin/dirname
configure:15032: result: /usr/bin/dirname
configure:15103: checking for pkg-config
configure:15126: found /usr/bin/pkg-config
configure:15138: result: /usr/bin/pkg-config
configure:15163: checking pkg-config is at least version 0.9.0
configure:15166: result: yes
configure:15176: checking for GLIB
configure:15183: $PKG_CONFIG --exists --print-errors "glib-2.0 >= 2.14.0"
configure:15186: $? = 0
configure:15200: $PKG_CONFIG --exists --print-errors "glib-2.0 >= 2.14.0"
configure:15203: $? = 0
configure:15261: result: yes
configure:15270: checking for PANGO
configure:15277: $PKG_CONFIG --exists --print-errors "pango >= 1.8.0 pangoxft >= 1.8.0"
configure:15280: $? = 0
configure:15294: $PKG_CONFIG --exists --print-errors "pango >= 1.8.0 pangoxft >= 1.8.0"
configure:15297: $? = 0
configure:15355: result: yes
configure:15364: checking for XML
configure:15371: $PKG_CONFIG --exists --print-errors "libxml-2.0 >= 2.6.0"
configure:15374: $? = 0
configure:15388: $PKG_CONFIG --exists --print-errors "libxml-2.0 >= 2.6.0"
configure:15391: $? = 0
configure:15449: result: yes
configure:15469: checking for LIBSN
configure:15476: $PKG_CONFIG --exists --print-errors "libstartup-notification-1.0 >= 0.8"
configure:15479: $? = 0
configure:15493: $PKG_CONFIG --exists --print-errors "libstartup-notification-1.0 >= 0.8"
configure:15496: $? = 0
configure:15540: result: yes
configure:15568: checking for XCURSOR
configure:15575: $PKG_CONFIG --exists --print-errors "xcursor"
configure:15578: $? = 0
configure:15592: $PKG_CONFIG --exists --print-errors "xcursor"
configure:15595: $? = 0
configure:15639: result: yes
configure:15667: checking for IMLIB2
configure:15674: $PKG_CONFIG --exists --print-errors "imlib2"
configure:15677: $? = 0
configure:15691: $PKG_CONFIG --exists --print-errors "imlib2"
configure:15694: $? = 0
configure:15738: result: yes
configure:15778: checking for LIBRSVG
configure:15785: $PKG_CONFIG --exists --print-errors "librsvg-2.0"
configure:15788: $? = 0
configure:15802: $PKG_CONFIG --exists --print-errors "librsvg-2.0"
configure:15805: $? = 0
configure:15849: result: yes
configure:15877: checking for X
configure:15915: gcc -o conftest -g -O2 -DNDEBUG -DG_DISABLE_ASSERT -fno-strict-aliasing   conftest.c -lX11   >&5
configure:15915: $? = 0
configure:16102: result: libraries , headers 
configure:16201: gcc -o conftest -g -O2 -DNDEBUG -DG_DISABLE_ASSERT -fno-strict-aliasing   conftest.c    -lX11 >&5
configure:16201: $? = 0
configure:16300: checking for gethostbyname
configure:16300: gcc -o conftest -g -O2 -DNDEBUG -DG_DISABLE_ASSERT -fno-strict-aliasing   conftest.c   >&5
configure:16300: $? = 0
configure:16300: result: yes
configure:16398: checking for connect
configure:16398: gcc -o conftest -g -O2 -DNDEBUG -DG_DISABLE_ASSERT -fno-strict-aliasing   conftest.c   >&5
configure:16398: $? = 0
configure:16398: result: yes
configure:16448: checking for remove
configure:16448: gcc -o conftest -g -O2 -DNDEBUG -DG_DISABLE_ASSERT -fno-strict-aliasing   conftest.c   >&5
configure:16448: $? = 0
configure:16448: result: yes
configure:16498: checking for shmat
configure:16498: gcc -o conftest -g -O2 -DNDEBUG -DG_DISABLE_ASSERT -fno-strict-aliasing   conftest.c   >&5
configure:16498: $? = 0
configure:16498: result: yes
configure:16557: checking for IceConnectionNumber in -lICE
configure:16580: gcc -o conftest -g -O2 -DNDEBUG -DG_DISABLE_ASSERT -fno-strict-aliasing   conftest.c -lICE    >&5
configure:16580: $? = 0
configure:16590: result: yes
configure:16613: checking for XOpenDisplay in -lX11
configure:16636: gcc -o conftest -g -O2 -DNDEBUG -DG_DISABLE_ASSERT -fno-strict-aliasing    conftest.c -lX11     -lSM -lICE  -lX11 >&5
configure:16636: $? = 0
configure:16646: result: yes
configure:16687: checking for SmcSaveYourselfDone in -lSM
configure:16710: gcc -o conftest -g -O2 -DNDEBUG -DG_DISABLE_ASSERT -fno-strict-aliasing    conftest.c -lSM     -lSM -lICE  -lX11 >&5
configure:16710: $? = 0
configure:16720: result: yes
configure:16727: checking for X11/SM/SMlib.h
configure:16727: gcc -c -g -O2 -DNDEBUG -DG_DISABLE_ASSERT -fno-strict-aliasing   conftest.c >&5
configure:16727: $? = 0
configure:16727: result: yes
configure:16752: checking for session management support
configure:16755: result: yes
configure:16787: checking for XkbBell in -lX11
configure:16810: gcc -o conftest -g -O2 -DNDEBUG -DG_DISABLE_ASSERT -fno-strict-aliasing    conftest.c -lX11     -lSM -lICE  -lX11 >&5
configure:16810: $? = 0
configure:16820: result: yes
configure:16824: checking for X11/XKBlib.h
configure:16845: gcc -o conftest -g -O2 -DNDEBUG -DG_DISABLE_ASSERT -fno-strict-aliasing    conftest.c    -lSM -lICE  -lX11 >&5
configure:16845: $? = 0
configure:16848: result: yes
configure:16877: checking for the Xkb extension
configure:16880: result: yes
configure:16907: checking for XRRSelectInput in -lXrandr
configure:16930: gcc -o conftest -g -O2 -DNDEBUG -DG_DISABLE_ASSERT -fno-strict-aliasing    conftest.c -lXrandr     -lSM -lICE  -lX11 -lXext -lXrender -lXrandr >&5
configure:16930: $? = 0
configure:16940: result: yes
configure:16944: checking for X11/extensions/Xrandr.h
configure:16966: gcc -o conftest -g -O2 -DNDEBUG -DG_DISABLE_ASSERT -fno-strict-aliasing    conftest.c    -lSM -lICE  -lX11 -lXext -lXrender -lXrandr >&5
configure:16966: $? = 0
configure:16969: result: yes
configure:16998: checking for the XRandR extension
configure:17001: result: yes
configure:17028: checking for XShapeCombineShape in -lXext
configure:17051: gcc -o conftest -g -O2 -DNDEBUG -DG_DISABLE_ASSERT -fno-strict-aliasing    conftest.c -lXext     -lSM -lICE  -lX11 >&5
configure:17051: $? = 0
configure:17061: result: yes
configure:17065: checking for X11/extensions/shape.h
configure:17084: gcc -o conftest -g -O2 -DNDEBUG -DG_DISABLE_ASSERT -fno-strict-aliasing    conftest.c    -lSM -lICE  -lX11 >&5
configure:17084: $? = 0
configure:17087: result: yes
configure:17116: checking for the Shape extension
configure:17119: result: yes
configure:17146: checking for XineramaQueryExtension in -lXinerama
configure:17169: gcc -o conftest -g -O2 -DNDEBUG -DG_DISABLE_ASSERT -fno-strict-aliasing    conftest.c -lXinerama     -lSM -lICE  -lX11 -lXext >&5
configure:17169: $? = 0
configure:17179: result: yes
configure:17184: checking for X11/extensions/Xinerama.h
configure:17202: gcc -o conftest -g -O2 -DNDEBUG -DG_DISABLE_ASSERT -fno-strict-aliasing    conftest.c    -lSM -lICE  -lX11 -lXext >&5
configure:17202: $? = 0
configure:17205: result: yes
configure:17231: checking for the Xinerama extension
configure:17234: result: yes
configure:17261: checking for XSyncInitialize in -lXext
configure:17284: gcc -o conftest -g -O2 -DNDEBUG -DG_DISABLE_ASSERT -fno-strict-aliasing    conftest.c -lXext     -lSM -lICE  -lX11 >&5
configure:17284: $? = 0
configure:17294: result: yes
configure:17298: checking for X11/extensions/sync.h
configure:17317: gcc -o conftest -g -O2 -DNDEBUG -DG_DISABLE_ASSERT -fno-strict-aliasing    conftest.c    -lSM -lICE  -lX11 >&5
configure:17317: $? = 0
configure:17320: result: yes
configure:17349: checking for the Sync extension
configure:17352: result: yes
configure:17369: checking for XauReadAuth in -lXau
configure:17392: gcc -o conftest -g -O2 -DNDEBUG -DG_DISABLE_ASSERT -fno-strict-aliasing    conftest.c -lXau     -lSM -lICE  -lX11 >&5
configure:17392: $? = 0
configure:17402: result: yes
configure:17406: checking for X11/Xauth.h
configure:17424: gcc -o conftest -g -O2 -DNDEBUG -DG_DISABLE_ASSERT -fno-strict-aliasing    conftest.c    -lSM -lICE  -lX11 >&5
configure:17424: $? = 0
configure:17427: result: yes
configure:17455: checking for the Xauth extension
configure:17458: result: yes
configure:17611: checking that generated files are newer than configure
configure:17617: result: done
configure:17648: creating ./config.status
configure:19740: result: 
configure:19742: result: Compiling with these options:
               Startup Notification... yes
               X Cursor Library... yes
               Session Management... yes
               Imlib2 Library... yes
               SVG Support (librsvg)... yes
               
configure:19756: result: configure complete, now type "make"

## ---------------- ##
## Cache variables. ##
## ---------------- ##

ac_cv_build=x86_64-pc-linux-gnu
ac_cv_c_compiler_gnu=yes
ac_cv_c_const=yes
ac_cv_c_inline=inline
ac_cv_env_CC_set=
ac_cv_env_CC_value=
ac_cv_env_CFLAGS_set=
ac_cv_env_CFLAGS_value=
ac_cv_env_CPPFLAGS_set=
ac_cv_env_CPPFLAGS_value=
ac_cv_env_CPP_set=
ac_cv_env_CPP_value=
ac_cv_env_GLIB_CFLAGS_set=
ac_cv_env_GLIB_CFLAGS_value=
ac_cv_env_GLIB_LIBS_set=
ac_cv_env_GLIB_LIBS_value=
ac_cv_env_IMLIB2_CFLAGS_set=
ac_cv_env_IMLIB2_CFLAGS_value=
ac_cv_env_IMLIB2_LIBS_set=
ac_cv_env_IMLIB2_LIBS_value=
ac_cv_env_LDFLAGS_set=
ac_cv_env_LDFLAGS_value=
ac_cv_env_LIBRSVG_CFLAGS_set=
ac_cv_env_LIBRSVG_CFLAGS_value=
ac_cv_env_LIBRSVG_LIBS_set=
ac_cv_env_LIBRSVG_LIBS_value=
ac_cv_env_LIBSN_CFLAGS_set=
ac_cv_env_LIBSN_CFLAGS_value=
ac_cv_env_LIBSN_LIBS_set=
ac_cv_env_LIBSN_LIBS_value=
ac_cv_env_LIBS_set=
ac_cv_env_LIBS_value=
ac_cv_env_LT_SYS_LIBRARY_PATH_set=
ac_cv_env_LT_SYS_LIBRARY_PATH_value=
ac_cv_env_PANGO_CFLAGS_set=
ac_cv_env_PANGO_CFLAGS_value=
ac_cv_env_PANGO_LIBS_set=
ac_cv_env_PANGO_LIBS_value=
ac_cv_env_PKG_CONFIG_LIBDIR_set=
ac_cv_env_PKG_CONFIG_LIBDIR_value=
ac_cv_env_PKG_CONFIG_PATH_set=
ac_cv_env_PKG_CONFIG_PATH_value=
ac_cv_env_PKG_CONFIG_set=
ac_cv_env_PKG_CONFIG_value=
ac_cv_env_XCURSOR_CFLAGS_set=
ac_cv_env_XCURSOR_CFLAGS_value=
ac_cv_env_XCURSOR_LIBS_set=
ac_cv_env_XCURSOR_LIBS_value=
ac_cv_env_XMKMF_set=
ac_cv_env_XMKMF_value=
ac_cv_env_XML_CFLAGS_set=
ac_cv_env_XML_CFLAGS_value=
ac_cv_env_XML_LIBS_set=
ac_cv_env_XML_LIBS_value=
ac_cv_env_build_alias_set=
ac_cv_env_build_alias_value=
ac_cv_env_host_alias_set=
ac_cv_env_host_alias_value=
ac_cv_env_target_alias_set=
ac_cv_env_target_alias_value=
ac_cv_func_connect=yes
ac_cv_func_gethostbyname=yes
ac_cv_func_remove=yes
ac_cv_func_shmat=yes
ac_cv_have_x='have_x=yes	ac_x_includes='\'''\''	ac_x_libraries='\'''\'''
ac_cv_header_X11_SM_SMlib_h=yes
ac_cv_header_ctype_h=yes
ac_cv_header_dirent_h=yes
ac_cv_header_dlfcn_h=yes
ac_cv_header_errno_h=yes
ac_cv_header_fcntl_h=yes
ac_cv_header_grp_h=yes
ac_cv_header_inttypes_h=yes
ac_cv_header_locale_h=yes
ac_cv_header_pwd_h=yes
ac_cv_header_signal_h=yes
ac_cv_header_stdint_h=yes
ac_cv_header_stdio_h=yes
ac_cv_header_stdlib_h=yes
ac_cv_header_string_h=yes
ac_cv_header_strings_h=yes
ac_cv_header_sys_select_h=yes
ac_cv_header_sys_socket_h=yes
ac_cv_header_sys_stat_h=yes
ac_cv_header_sys_time_h=yes
ac_cv_header_sys_types_h=yes
ac_cv_header_sys_wait_h=yes
ac_cv_header_unistd_h=yes
ac_cv_host=x86_64-pc-linux-gnu
ac_cv_lib_ICE_IceConnectionNumber=yes
ac_cv_lib_SM_SmcSaveYourselfDone=yes
ac_cv_lib_X11_XOpenDisplay=yes
ac_cv_lib_X11_XkbBell=yes
ac_cv_lib_Xau_XauReadAuth=yes
ac_cv_lib_Xext_XShapeCombineShape=yes
ac_cv_lib_Xext_XSyncInitialize=yes
ac_cv_lib_Xinerama_XineramaQueryExtension=yes
ac_cv_lib_Xrandr_XRRSelectInput=yes
ac_cv_objext=o
ac_cv_path_DIRNAME=/usr/bin/dirname
ac_cv_path_EGREP='/usr/bin/grep -E'
ac_cv_path_FGREP='/usr/bin/grep -F'
ac_cv_path_GMSGFMT=/usr/bin/msgfmt
ac_cv_path_GREP=/usr/bin/grep
ac_cv_path_MSGFMT=/usr/bin/msgfmt
ac_cv_path_MSGMERGE=/usr/bin/msgmerge
ac_cv_path_SED=/usr/bin/sed
ac_cv_path_XGETTEXT=/usr/bin/xgettext
ac_cv_path_ac_pt_PKG_CONFIG=/usr/bin/pkg-config
ac_cv_path_install='/usr/bin/install -c'
ac_cv_path_lt_DD=/usr/bin/dd
ac_cv_path_mkdir=/usr/bin/mkdir
ac_cv_prog_AWK=gawk
ac_cv_prog_CPP='gcc -E'
ac_cv_prog_ac_ct_AR=ar
ac_cv_prog_ac_ct_CC=gcc
ac_cv_prog_ac_ct_OBJDUMP=objdump
ac_cv_prog_ac_ct_RANLIB=ranlib
ac_cv_prog_ac_ct_STRIP=strip
ac_cv_prog_cc_c11=
ac_cv_prog_cc_g=yes
ac_cv_prog_cc_stdc=
ac_cv_prog_make_make_set=yes
acl_cv_hardcode_direct=no
acl_cv_hardcode_libdir_flag_spec='${wl}-rpath ${wl}$libdir'
acl_cv_hardcode_libdir_separator=
acl_cv_hardcode_minus_L=no
acl_cv_libext=a
acl_cv_path_LD='/usr/bin/ld -m elf_x86_64'
acl_cv_prog_gnu_ld=yes
acl_cv_rpath=done
acl_cv_shlibext=so
acl_cv_wl=-Wl,
am_cv_CC_dependencies_compiler_type=gcc3
am_cv_make_support_nested_variables=yes
am_cv_prog_cc_c_o=yes
gt_cv_func_CFLocaleCopyCurrent=no
gt_cv_func_CFPreferencesCopyAppValue=no
gt_cv_func_gnugettext1_libc=yes
lt_cv_ar_at_file=@
lt_cv_archive_cmds_need_lc=no
lt_cv_deplibs_check_method=pass_all
lt_cv_file_magic_cmd='$MAGIC_CMD'
lt_cv_file_magic_test_file=
lt_cv_ld_reload_flag=-r
lt_cv_nm_interface='BSD nm'
lt_cv_objdir=.libs
lt_cv_path_LD=/usr/bin/ld
lt_cv_path_NM='/usr/bin/nm -B'
lt_cv_path_mainfest_tool=no
lt_cv_prog_compiler_c_o=yes
lt_cv_prog_compiler_pic='-fPIC -DPIC'
lt_cv_prog_compiler_pic_works=yes
lt_cv_prog_compiler_rtti_exceptions=no
lt_cv_prog_compiler_static_works=yes
lt_cv_prog_gnu_ld=yes
lt_cv_sharedlib_from_linklib_cmd='printf %s\n'
lt_cv_shlibpath_overrides_runpath=no
lt_cv_sys_global_symbol_pipe='sed -n -e '\''s/^.*[	 ]\([ABCDGIRSTW][ABCDGIRSTW]*\)[	 ][	 ]*\([_A-Za-z][_A-Za-z0-9]*\)$/\1 \2 \2/p'\'' | sed '\''/ __gnu_lto/d'\'''
lt_cv_sys_global_symbol_to_c_name_address='sed -n -e '\''s/^: \(.*\) .*$/  {"\1", (void *) 0},/p'\'' -e '\''s/^[ABCDGIRSTW][ABCDGIRSTW]* .* \(.*\)$/  {"\1", (void *) \&\1},/p'\'''
lt_cv_sys_global_symbol_to_c_name_address_lib_prefix='sed -n -e '\''s/^: \(.*\) .*$/  {"\1", (void *) 0},/p'\'' -e '\''s/^[ABCDGIRSTW][ABCDGIRSTW]* .* \(lib.*\)$/  {"\1", (void *) \&\1},/p'\'' -e '\''s/^[ABCDGIRSTW][ABCDGIRSTW]* .* \(.*\)$/  {"lib\1", (void *) \&\1},/p'\'''
lt_cv_sys_global_symbol_to_cdecl='sed -n -e '\''s/^T .* \(.*\)$/extern int \1();/p'\'' -e '\''s/^[ABCDGIRSTW][ABCDGIRSTW]* .* \(.*\)$/extern char \1;/p'\'''
lt_cv_sys_global_symbol_to_import=
lt_cv_sys_max_cmd_len=1572864
lt_cv_to_host_file_cmd=func_convert_file_noop
lt_cv_to_tool_file_cmd=func_convert_file_noop
lt_cv_truncate_bin='/usr/bin/dd bs=4096 count=1'
pkg_cv_GLIB_CFLAGS='-I/usr/include/glib-2.0 -I/usr/lib/glib-2.0/include '
pkg_cv_GLIB_LIBS='-lglib-2.0 '
pkg_cv_IMLIB2_CFLAGS=
pkg_cv_IMLIB2_LIBS='-lImlib2 '
pkg_cv_LIBRSVG_CFLAGS='-I/usr/include/librsvg-2.0 -I/usr/include/glib-2.0 -I/usr/lib/glib-2.0/include -I/usr/include/libmount -I/usr/include/blkid -I/usr/include/gdk-pixbuf-2.0 -pthread -I/usr/include/cairo -I/usr/include/lzo -I/usr/include/libpng16 -I/usr/include/freetype2 -I/usr/include/harfbuzz -I/usr/include/pixman-1 '
pkg_cv_LIBRSVG_LIBS='-lrsvg-2 -lm -lgio-2.0 -lgdk_pixbuf-2.0 -lgobject-2.0 -lglib-2.0 -lcairo '
pkg_cv_LIBSN_CFLAGS='-I/usr/include/startup-notification-1.0 '
pkg_cv_LIBSN_LIBS='-lstartup-notification-1 '
pkg_cv_PANGO_CFLAGS='-I/usr/include/pango-1.0 -I/usr/include/glib-2.0 -I/usr/lib/glib-2.0/include -I/usr/include/harfbuzz -I/usr/include/freetype2 -I/usr/include/libpng16 -I/usr/include/libmount -I/usr/include/blkid -I/usr/include/fribidi -I/usr/include/cairo -I/usr/include/lzo -I/usr/include/pixman-1 -pthread '
pkg_cv_PANGO_LIBS='-lpangoxft-1.0 -lpangoft2-1.0 -lpango-1.0 -lgobject-2.0 -lglib-2.0 -lharfbuzz -lfontconfig -lfreetype -lXft '
pkg_cv_XCURSOR_CFLAGS=
pkg_cv_XCURSOR_LIBS='-lXcursor '
pkg_cv_XML_CFLAGS='-I/usr/include/libxml2 '
pkg_cv_XML_LIBS='-lxml2 '

## ----------------- ##
## Output variables. ##
## ----------------- ##

ACLOCAL='${SHELL} '\''/home/beangreen247/openbox-with-windows-snapping/missing'\'' aclocal-1.16'
AMDEPBACKSLASH='\'
AMDEP_FALSE='#'
AMDEP_TRUE=''
AMTAR='$${TAR-tar}'
AM_BACKSLASH='\'
AM_DEFAULT_V='$(AM_DEFAULT_VERBOSITY)'
AM_DEFAULT_VERBOSITY='0'
AM_V='$(V)'
AR='ar'
AUTOCONF='${SHELL} '\''/home/beangreen247/openbox-with-windows-snapping/missing'\'' autoconf'
AUTOHEADER='${SHELL} '\''/home/beangreen247/openbox-with-windows-snapping/missing'\'' autoheader'
AUTOMAKE='${SHELL} '\''/home/beangreen247/openbox-with-windows-snapping/missing'\'' automake-1.16'
AWK='gawk'
CC='gcc'
CCDEPMODE='depmode=gcc3'
CFLAGS='-g -O2 -DNDEBUG -DG_DISABLE_ASSERT -fno-strict-aliasing'
CPP='gcc -E'
CPPFLAGS=''
CYGPATH_W='echo'
DEFS='-DPACKAGE_NAME=\"openbox\" -DPACKAGE_TARNAME=\"openbox\" -DPACKAGE_VERSION=\"3.6\" -DPACKAGE_STRING=\"openbox\ 3.6\" -DPACKAGE_BUGREPORT=\"http://bugzilla.icculus.org\" -DPACKAGE_URL=\"\" -DPACKAGE=\"openbox\" -DVERSION=\"3.6\" -DHAVE_STDIO_H=1 -DHAVE_STDLIB_H=1 -DHAVE_STRING_H=1 -DHAVE_INTTYPES_H=1 -DHAVE_STDINT_H=1 -DHAVE_STRINGS_H=1 -DHAVE_SYS_STAT_H=1 -DHAVE_SYS_TYPES_H=1 -DHAVE_UNISTD_H=1 -DSTDC_HEADERS=1 -DHAVE_DLFCN_H=1 -DLT_OBJDIR=\".libs/\" -DENABLE_NLS=1 -DHAVE_GETTEXT=1 -DHAVE_DCGETTEXT=1 -DHAVE_CTYPE_H=1 -DHAVE_DIRENT_H=1 -DHAVE_ERRNO_H=1 -DHAVE_FCNTL_H=1 -DHAVE_GRP_H=1 -DHAVE_LOCALE_H=1 -DHAVE_PWD_H=1 -DHAVE_SIGNAL_H=1 -DHAVE_STRING_H=1 -DHAVE_STDIO_H=1 -DHAVE_STDLIB_H=1 -DHAVE_UNISTD_H=1 -DHAVE_SYS_STAT_H=1 -DHAVE_SYS_SELECT_H=1 -DHAVE_SYS_SOCKET_H=1 -DHAVE_SYS_TIME_H=1 -DHAVE_SYS_TYPES_H=1 -DHAVE_SYS_WAIT_H=1 -DUSE_LIBSN=1 -DUSE_XCURSOR=1 -DUSE_IMLIB2=1 -DUSE_LIBRSVG=1 -DHAVE_LIBX11=1 -DHAVE_X11_SM_SMLIB_H=1 -DUSE_SM=1 -DXKB=1 -DXRANDR=1 -DSHAPE=1 -DXINERAMA=1 -DSYNC=1 -DAUTH=1'
DEPDIR='.deps'
DIRNAME='/usr/bin/dirname'
DLLTOOL='false'
DSYMUTIL=''
DUMPBIN=''
ECHO_C=''
ECHO_N='-n'
ECHO_T=''
EFENCE_LIBS=''
EGREP='/usr/bin/grep -E'
EXEEXT=''
FGREP='/usr/bin/grep -F'
GLIB_CFLAGS='-I/usr/include/glib-2.0 -I/usr/lib/glib-2.0/include '
GLIB_LIBS='-lglib-2.0 '
GMSGFMT='/usr/bin/msgfmt'
GMSGFMT_015='/usr/bin/msgfmt'
GREP='/usr/bin/grep'
IMLIB2_CFLAGS=''
IMLIB2_LIBS='-lImlib2 '
INSTALL_DATA='${INSTALL} -m 644'
INSTALL_PROGRAM='${INSTALL}'
INSTALL_SCRIPT='${INSTALL}'
INSTALL_STRIP_PROGRAM='$(install_sh) -c -s'
INTLLIBS=''
INTL_MACOSX_LIBS=''
LD='/usr/bin/ld -m elf_x86_64'
LDFLAGS=''
LIBICONV='-liconv'
LIBINTL=''
LIBOBJS=''
LIBRSVG_CFLAGS='-I/usr/include/librsvg-2.0 -I/usr/include/glib-2.0 -I/usr/lib/glib-2.0/include -I/usr/include/libmount -I/usr/include/blkid -I/usr/include/gdk-pixbuf-2.0 -pthread -I/usr/include/cairo -I/usr/include/lzo -I/usr/include/libpng16 -I/usr/include/freetype2 -I/usr/include/harfbuzz -I/usr/include/pixman-1 '
LIBRSVG_LIBS='-lrsvg-2 -lm -lgio-2.0 -lgdk_pixbuf-2.0 -lgobject-2.0 -lglib-2.0 -lcairo '
LIBS=' '
LIBSN_CFLAGS='-I/usr/include/startup-notification-1.0 '
LIBSN_LIBS='-lstartup-notification-1 '
LIBTOOL='$(SHELL) $(top_builddir)/libtool --silent'
LIBTOOL_DEPS='.//ltmain.sh'
LIPO=''
LN_S='ln -s'
LTLIBICONV='-liconv'
LTLIBINTL=''
LTLIBOBJS=''
LT_SYS_LIBRARY_PATH=''
MAKEINFO='${SHELL} '\''/home/beangreen247/openbox-with-windows-snapping/missing'\'' makeinfo'
MANIFEST_TOOL=':'
MKDIR_P='/usr/bin/mkdir -p'
MSGFMT='/usr/bin/msgfmt'
MSGFMT_015='/usr/bin/msgfmt'
MSGMERGE='/usr/bin/msgmerge'
NM='/usr/bin/nm -B'
NMEDIT=''
OBJDUMP='objdump'
OBJEXT='o'
OBT_AGE='0'
OBT_BINARY_AGE='2'
OBT_CURRENT='2'
OBT_CURRENT_MINUS_AGE='2'
OBT_INTERFACE_AGE='2'
OBT_MAJOR_VERSION='3'
OBT_MICRO_VERSION='4'
OBT_MINOR_VERSION='6'
OBT_RELEASE='3.6'
OBT_REVISION='2'
OBT_VERSION='3.6'
OB_VERSION='3.6'
OTOOL64=''
OTOOL=''
PACKAGE='openbox'
PACKAGE_BUGREPORT='http://bugzilla.icculus.org'
PACKAGE_NAME='openbox'
PACKAGE_STRING='openbox 3.6'
PACKAGE_TARNAME='openbox'
PACKAGE_URL=''
PACKAGE_VERSION='3.6'
PANGO_CFLAGS='-I/usr/include/pango-1.0 -I/usr/include/glib-2.0 -I/usr/lib/glib-2.0/include -I/usr/include/harfbuzz -I/usr/include/freetype2 -I/usr/include/libpng16 -I/usr/include/libmount -I/usr/include/blkid -I/usr/include/fribidi -I/usr/include/cairo -I/usr/include/lzo -I/usr/include/pixman-1 -pthread '
PANGO_LIBS='-lpangoxft-1.0 -lpangoft2-1.0 -lpango-1.0 -lgobject-2.0 -lglib-2.0 -lharfbuzz -lfontconfig -lfreetype -lXft '
PATH_SEPARATOR=':'
PKG_CONFIG='/usr/bin/pkg-config'
PKG_CONFIG_IMLIB='imlib2'
PKG_CONFIG_LIBDIR=''
PKG_CONFIG_LIBRSVG='librsvg-2.0'
PKG_CONFIG_PATH=''
POSUB='po'
RANLIB='ranlib'
RR_AGE='0'
RR_BINARY_AGE='2'
RR_CURRENT='29'
RR_CURRENT_MINUS_AGE='29'
RR_INTERFACE_AGE='2'
RR_MAJOR_VERSION='3'
RR_MICRO_VERSION='31'
RR_MINOR_VERSION='6'
RR_RELEASE='3.6'
RR_REVISION='2'
RR_VERSION='3.6'
SED='/usr/bin/sed'
SET_MAKE=''
SHELL='/bin/sh'
SM_CFLAGS=''
SM_LIBS='-lSM -lICE'
STRIP='strip'
USE_IMLIB2_FALSE='#'
USE_IMLIB2_TRUE=''
USE_LIBRSVG_FALSE='#'
USE_LIBRSVG_TRUE=''
USE_NLS='yes'
VERSION='3.6'
XAUTH_CFLAGS=''
XAUTH_LIBS='-lXau'
XCURSOR_CFLAGS=''
XCURSOR_LIBS='-lXcursor '
XGETTEXT='/usr/bin/xgettext'
XGETTEXT_015='/usr/bin/xgettext'
XINERAMA_LIBS='-lXext -lXinerama'
XKB_CFLAGS=''
XKB_LIBS=''
XMKMF=''
XML_CFLAGS='-I/usr/include/libxml2 '
XML_LIBS='-lxml2 '
XRANDR_CFLAGS=''
XRANDR_LIBS='-lXext -lXrender -lXrandr'
XSHAPE_CFLAGS=''
XSHAPE_LIBS='-lXext'
XSYNC_CFLAGS=''
XSYNC_LIBS='-lXext'
X_CFLAGS=''
X_EXTRA_LIBS=''
X_LIBS=' -lSM -lICE  -lX11'
X_PRE_LIBS=' -lSM -lICE'
ac_ct_AR='ar'
ac_ct_CC='gcc'
ac_ct_DUMPBIN=''
am__EXEEXT_FALSE=''
am__EXEEXT_TRUE='#'
am__fastdepCC_FALSE='#'
am__fastdepCC_TRUE=''
am__include='include'
am__isrc=''
am__leading_dot='.'
am__nodep='_no'
am__quote=''
am__tar='$${TAR-tar} chof - "$$tardir"'
am__untar='$${TAR-tar} xf -'
bindir='${exec_prefix}/bin'
build='x86_64-pc-linux-gnu'
build_alias=''
build_cpu='x86_64'
build_os='linux-gnu'
build_vendor='pc'
datadir='${datarootdir}'
datarootdir='${prefix}/share'
docdir='${datarootdir}/doc/${PACKAGE_TARNAME}'
dvidir='${docdir}'
exec_prefix='${prefix}'
host='x86_64-pc-linux-gnu'
host_alias=''
host_cpu='x86_64'
host_os='linux-gnu'
host_vendor='pc'
htmldir='${docdir}'
includedir='${prefix}/include'
infodir='${datarootdir}/info'
install_sh='${SHELL} /home/beangreen247/openbox-with-windows-snapping/install-sh'
libdir='/usr/lib64'
libexecdir='${exec_prefix}/libexec'
localedir='${datarootdir}/locale'
localstatedir='${prefix}/var'
mandir='${datarootdir}/man'
mkdir_p='/usr/bin/mkdir -p'
oldincludedir='/usr/include'
pdfdir='${docdir}'
prefix='/usr'
program_transform_name='s,x,x,'
psdir='${docdir}'
runstatedir='${localstatedir}/run'
sbindir='${exec_prefix}/sbin'
sharedstatedir='${prefix}/com'
sysconfdir='/etc'
target_alias=''

## ----------- ##
## confdefs.h. ##
## ----------- ##

/* confdefs.h */
#define PACKAGE_NAME "openbox"
#define PACKAGE_TARNAME "openbox"
#define PACKAGE_VERSION "3.6"
#define PACKAGE_STRING "openbox 3.6"
#define PACKAGE_BUGREPORT "http://bugzilla.icculus.org"
#define PACKAGE_URL ""
#define PACKAGE "openbox"
#define VERSION "3.6"
#define HAVE_STDIO_H 1
#define HAVE_STDLIB_H 1
#define HAVE_STRING_H 1
#define HAVE_INTTYPES_H 1
#define HAVE_STDINT_H 1
#define HAVE_STRINGS_H 1
#define HAVE_SYS_STAT_H 1
#define HAVE_SYS_TYPES_H 1
#define HAVE_UNISTD_H 1
#define STDC_HEADERS 1
#define HAVE_DLFCN_H 1
#define LT_OBJDIR ".libs/"
#define ENABLE_NLS 1
#define HAVE_GETTEXT 1
#define HAVE_DCGETTEXT 1
#define HAVE_CTYPE_H 1
#define HAVE_DIRENT_H 1
#define HAVE_ERRNO_H 1
#define HAVE_FCNTL_H 1
#define HAVE_GRP_H 1
#define HAVE_LOCALE_H 1
#define HAVE_PWD_H 1
#define HAVE_SIGNAL_H 1
#define HAVE_STRING_H 1
#define HAVE_STDIO_H 1
#define HAVE_STDLIB_H 1
#define HAVE_UNISTD_H 1
#define HAVE_SYS_STAT_H 1
#define HAVE_SYS_SELECT_H 1
#define HAVE_SYS_SOCKET_H 1
#define HAVE_SYS_TIME_H 1
#define HAVE_SYS_TYPES_H 1
#define HAVE_SYS_WAIT_H 1
#define USE_LIBSN 1
#define USE_XCURSOR 1
#define USE_IMLIB2 1
#define USE_LIBRSVG 1
#define HAVE_LIBX11 1
#define HAVE_X11_SM_SMLIB_H 1
#define USE_SM 1
#define XKB 1
#define XRANDR 1
#define SHAPE 1
#define XINERAMA 1
#define SYNC 1
#define AUTH 1

configure: exit 0

## ---------------------- ##
## Running config.status. ##
## ---------------------- ##

This file was extended by openbox config.status 3.6, which was
generated by GNU Autoconf 2.71.  Invocation command line was

  CONFIG_FILES    = 
  CONFIG_HEADERS  = 
  CONFIG_LINKS    = 
  CONFIG_COMMANDS = 
  $ ./config.status 

on archlinux

config.status:1107: creating Makefile
config.status:1107: creating m4/Makefile
config.status:1107: creating po/Makefile.in
config.status:1107: creating obrender/obrender-3.5.pc
config.status:1107: creating obt/obt-3.5.pc
config.status:1107: creating obrender/version.h
config.status:1107: creating obt/version.h
config.status:1107: creating version.h
config.status:1279: executing depfiles commands
config.status:1356: cd .       && sed -e '/# am--include-marker/d' Makefile         | make -f - am--depfiles
make[1]: Entering directory '/home/beangreen247/openbox-with-windows-snapping'
make[1]: Nothing to be done for 'am--depfiles'.
make[1]: Leaving directory '/home/beangreen247/openbox-with-windows-snapping'
config.status:1361: $? = 0
config.status:1279: executing libtool commands
config.status:1279: executing po-directories commands
config.status:1279: executing doc commands
config.status:1279: executing data commands
config.status:1279: executing data/xsession commands
